<?xml version="1.0" encoding="UTF-8"?>
<!-- Generated by org.testng.reporters.JUnitReportReporter -->
<testsuite skipped="0" hostname="Salah-Dell" name="tests.LoginTest" tests="1" failures="0" timestamp="2020-08-06T16:47:24 EET" time="1.658" errors="0">
  <testcase name="AssertTheProductValue" time="1.658" classname="tests.LoginTest"/>
  <system-out/>
</testsuite> <!-- tests.LoginTest -->
