<?xml version="1.0" encoding="UTF-8"?>
<!-- Generated by org.testng.reporters.JUnitReportReporter -->
<testsuite hostname="DESKTOP-78HQ2QN" failures="0" tests="1" name="tests.CheckProductValueTest" time="12.357" errors="0" timestamp="2023-01-22T15:32:41 EET" skipped="0">
  <testcase classname="tests.CheckProductValueTest" name="OrderCycle" time="12.357"/>
  <system-out/>
</testsuite> <!-- tests.CheckProductValueTest -->
