<?xml version="1.0" encoding="UTF-8"?>
<!-- Generated by org.testng.reporters.JUnitReportReporter -->
<testsuite skipped="0" hostname="Salah-Dell" name="tests.UserRegistrationTest" tests="6" failures="0" timestamp="2020-07-26T02:57:49 EET" time="164.302" errors="0">
  <testcase name="TestCase_1_Validate_that_I_Can_Register_Succesfully" time="35.816" classname="tests.UserRegistrationTest"/>
  <system-out/>
  <testcase name="TestCase_2_Validate_that_I_cant_Register_Into_the_system_with_taken_email" time="30.203" classname="tests.UserRegistrationTest"/>
  <system-out/>
  <testcase name="TestCase_3_Validate_that_I_cant_Register_Into_the_system_with_email_Wrong_format" time="27.730" classname="tests.UserRegistrationTest"/>
  <system-out/>
  <testcase name="TestCase_4_Validate_that_I_cant_Register_Into_the_system_with_email_Invalid" time="25.242" classname="tests.UserRegistrationTest"/>
  <system-out/>
  <testcase name="TestCase_5_Validate_that_I_cant_Register_Into_the_system_with_taken_username" time="28.882" classname="tests.UserRegistrationTest"/>
  <system-out/>
  <testcase name="TestCase_6_Validate_that_I_cant_Register_Into_the_system_with_emptyfields" time="16.429" classname="tests.UserRegistrationTest"/>
  <system-out/>
</testsuite> <!-- tests.UserRegistrationTest -->
